<?xml version="1.0" encoding="UTF-8"?>
<!-- Generated by org.testng.reporters.JUnitReportReporter -->
<testsuite hostname="Reshma-PC" failures="0" tests="1" name="TestNG.AllMethodTest" time="0.011" errors="0" timestamp="2022-06-13T17:13:41 IST" skipped="0">
  <testcase classname="TestNG.AllMethodTest" name="f" time="0.011"/>
  <system-out/>
</testsuite> <!-- TestNG.AllMethodTest -->
