<?xml version="1.0" encoding="UTF-8"?>
<!-- Generated by org.testng.reporters.JUnitReportReporter -->
<testsuite hostname="Reshma-PC" failures="0" tests="1" name="TestNG.DataProvider" time="0.000" errors="0" timestamp="2022-06-14T12:24:08 IST" skipped="1">
  <testcase classname="TestNG.DataProvider" name="Banking" time="0.000">
    <skipped/>
  </testcase> <!-- Banking -->
  <system-out/>
</testsuite> <!-- TestNG.DataProvider -->
