<?xml version="1.0" encoding="UTF-8"?>
<!-- Generated by org.testng.reporters.JUnitReportReporter -->
<testsuite hostname="Reshma-PC" failures="0" tests="1" name="Assignment.CampaignAdvanceSaerchTest" time="39.088" errors="0" timestamp="2022-06-16T17:48:25 IST" skipped="0">
  <testcase classname="Assignment.CampaignAdvanceSaerchTest" name="CampaignAdvanceSearch" time="39.088"/>
  <system-out/>
</testsuite> <!-- Assignment.CampaignAdvanceSaerchTest -->
