<?xml version="1.0" encoding="UTF-8"?>
<!-- Generated by org.testng.reporters.JUnitReportReporter -->
<testsuite hostname="Reshma-PC" failures="0" tests="4" name="TestNG.Data" time="0.022" errors="0" timestamp="2022-06-14T13:32:12 IST" skipped="0">
  <testcase classname="TestNG.Data" name="Banking" time="0.004"/>
  <system-out/>
  <testcase classname="TestNG.Data" name="Banking" time="0.004"/>
  <system-out/>
  <testcase classname="TestNG.Data" name="Banking" time="0.012"/>
  <system-out/>
  <testcase classname="TestNG.Data" name="Banking" time="0.002"/>
  <system-out/>
</testsuite> <!-- TestNG.Data -->
