<?xml version="1.0" encoding="UTF-8"?>
<!-- Generated by org.testng.reporters.JUnitReportReporter -->
<testsuite hostname="Reshma-PC" failures="0" tests="6" name="TestNG.AnimalTest" time="0.039" errors="0" timestamp="2022-06-16T10:54:29 IST" skipped="0">
  <testcase classname="TestNG.AnimalTest" name="dogTest" time="0.003"/>
  <system-out>
    <![CDATA[Medium]]>
  </system-out>
  <testcase classname="TestNG.AnimalTest" name="dogTest" time="0.017"/>
  <system-out>
    <![CDATA[Medium]]>
  </system-out>
  <testcase classname="TestNG.AnimalTest" name="elephantTest" time="0.002"/>
  <system-out>
    <![CDATA[Big]]>
  </system-out>
  <testcase classname="TestNG.AnimalTest" name="elephantTest" time="0.007"/>
  <system-out>
    <![CDATA[Big]]>
  </system-out>
  <testcase classname="TestNG.AnimalTest" name="elephantTest" time="0.005"/>
  <system-out>
    <![CDATA[Big]]>
  </system-out>
  <testcase classname="TestNG.AnimalTest" name="ratTest" time="0.005"/>
  <system-out>
    <![CDATA[Small]]>
  </system-out>
</testsuite> <!-- TestNG.AnimalTest -->
